<?xml version="1.0" encoding="UTF-8"?>
<dataset>
    <PRODUCT guid="p1" name="product1" description="description" image_url="/image" base_path="/product1" operator="false" optlock="0" provider="provider1"/>
    <PRODUCT guid="p2" name="product2" description="description" image_url="/image" base_path="/product2" operator="false" optlock="0" provider="provider1"/>
    <PRODUCT_CLASSIFICATION guid="pcl1" product_id="p1" value="searching"/>
    <PRODUCT_CLASSIFICATION guid="pcl2" product_id="p2" value="searching"/>

</dataset>